<?xml version="1.0" encoding="UTF-8" ?>
<testsuites>
 <testsuite name="Tictactoe load test" timestamp="2017-12-12T17:26:26" hostname="localhost" time="0.862" errors="0" tests="1" skipped="0" disabled="0" failures="0">
  <testcase classname="Tictactoe load test" name="should be able to play 5 games to end within timelimit of 1000ms" time="0.862" />
 </testsuite>
</testsuites>