<?xml version="1.0" encoding="UTF-8" ?>
<testsuites>
 <testsuite name="User chat load test" timestamp="2017-12-12T17:13:26" hostname="localhost" time="4.36" errors="0" tests="1" skipped="0" disabled="0" failures="0">
  <testcase classname="User chat load test" name="should connect and send 200  user messages within 10000ms" time="4.292" />
 </testsuite>
</testsuites>