<?xml version="1.0" encoding="UTF-8" ?>
<testsuites>
 <testsuite name="User chat API" timestamp="2017-12-12T17:16:39" hostname="localhost" time="4.589" errors="0" tests="2" skipped="0" disabled="0" failures="0">
  <testcase classname="User chat API" name="should get user session information on connect" time="4.474" />
  <testcase classname="User chat API" name="should receive chat message back after sending chat command" time="0.111" />
 </testsuite>
</testsuites>