<?xml version="1.0" encoding="UTF-8" ?>
<testsuites>
 <testsuite name="User chat API" timestamp="2017-12-12T17:13:26" hostname="localhost" time="3.689" errors="0" tests="2" skipped="0" disabled="0" failures="0">
  <testcase classname="User chat API" name="should get user session information on connect" time="3.531" />
  <testcase classname="User chat API" name="should receive chat message back after sending chat command" time="0.157" />
 </testsuite>
</testsuites>