<?xml version="1.0" encoding="UTF-8" ?>
<testsuites>
 <testsuite name="User chat load test" timestamp="2017-12-12T17:16:39" hostname="localhost" time="3.355" errors="0" tests="1" skipped="0" disabled="0" failures="0">
  <testcase classname="User chat load test" name="should connect and send 200  user messages within 10000ms" time="3.212" />
 </testsuite>
</testsuites>